<?xml version="1.0" encoding="UTF-8"?>
<testsuites>
  <testsuite name="Performing a login" timestamp="2021-08-21T11:13:29" time="11.346" tests="1" failures="1" errors="1" skipped="0">
    <properties>
      <property name="specId" value="0"/>
      <property name="featureName" value="Performing a login"/>
      <property name="capabilities" value="chrome.92_0_4515_159.macosx"/>
      <property name="featureFile" value="./test/features/login.feature"/>
    </properties>
    <testcase classname="CucumberJUnitReport-chrome.92_0_4515_159.macosx.Performing a login" name="Performing login operation with passing test data as data table" time="11.337">
      <failure/>
      <error message="AssertionError"/>
      <system-out><![CDATA[
✅ Given I am on the herokuapp login page✅ When I login with username and password "USER" "PASSWORD" into the text box❗ Then I should see the message "Welcome to the Secure Area. When you are done click logout below." on the landing page
]]></system-out>
      <system-err><![CDATA[
AssertionError
    + expected - actual

    -This is where you can log into the secure area. Enter tomsmith for the username and SuperSecretPassword! for the password. If the information is wrong you should see error messages.
    +Welcome to the Secure Area. When you are done click logout below.

    at World.<anonymous> (/Users/adityapradanaputra/Desktop/webdriverio-jest/test/stepdefinitions/login.js:15:37)
]]></system-err>
    </testcase>
  </testsuite>
</testsuites>